<?xml version="1.0" encoding="UTF-8"?>
<!-- Generated by org.testng.reporters.JUnitReportReporter -->
<testsuite hostname="ATMECSINLT-038" failures="0" tests="654" name="com.atmecs.testScripts.HomePagetestscripts" time="180.533" errors="0" timestamp="22 Oct 2019 15:41:06 GMT" skipped="0">
  <testcase classname="com.atmecs.testScripts.HomePagetestscripts" name="homePageRedirection" time="0.039"/>
  <testcase classname="com.atmecs.testScripts.HomePagetestscripts" name="homePageRedirection" time="0.194"/>
  <testcase classname="com.atmecs.testScripts.HomePagetestscripts" name="homePageRedirection" time="0.080"/>
  <testcase classname="com.atmecs.testScripts.HomePagetestscripts" name="clickHeaderServices" time="3.059"/>
  <testcase classname="com.atmecs.testScripts.HomePagetestscripts" name="clickHeaderServices" time="4.998"/>
  <testcase classname="com.atmecs.testScripts.HomePagetestscripts" name="clickHeaderServices" time="8.543"/>
  <testcase classname="com.atmecs.testScripts.HomePagetestscripts" name="validatefooterForServices" time="0.128"/>
  <testcase classname="com.atmecs.testScripts.HomePagetestscripts" name="validatefooterForServices" time="0.104"/>
  <testcase classname="com.atmecs.testScripts.HomePagetestscripts" name="validatefooterForServices" time="0.068"/>
  <testcase classname="com.atmecs.testScripts.HomePagetestscripts" name="validatefooterForServices" time="0.116"/>
  <testcase classname="com.atmecs.testScripts.HomePagetestscripts" name="validatefooterForServices" time="0.081"/>
  <testcase classname="com.atmecs.testScripts.HomePagetestscripts" name="validatefooterForServices" time="0.520"/>
  <testcase classname="com.atmecs.testScripts.HomePagetestscripts" name="validatefooterForServices" time="0.319"/>
  <testcase classname="com.atmecs.testScripts.HomePagetestscripts" name="validatefooterForServices" time="0.300"/>
  <testcase classname="com.atmecs.testScripts.HomePagetestscripts" name="validatefooterForServices" time="0.088"/>
  <testcase classname="com.atmecs.testScripts.HomePagetestscripts" name="validatefooterForServices" time="0.546"/>
  <testcase classname="com.atmecs.testScripts.HomePagetestscripts" name="validatefooterForServices" time="0.064"/>
  <testcase classname="com.atmecs.testScripts.HomePagetestscripts" name="validatefooterForServices" time="0.488"/>
  <testcase classname="com.atmecs.testScripts.HomePagetestscripts" name="validatefooterForServices" time="0.117"/>
  <testcase classname="com.atmecs.testScripts.HomePagetestscripts" name="validatefooterForServices" time="0.407"/>
  <testcase classname="com.atmecs.testScripts.HomePagetestscripts" name="validatefooterForServices" time="0.304"/>
  <testcase classname="com.atmecs.testScripts.HomePagetestscripts" name="validatefooterForServices" time="0.128"/>
  <testcase classname="com.atmecs.testScripts.HomePagetestscripts" name="validatefooterForServices" time="0.121"/>
  <testcase classname="com.atmecs.testScripts.HomePagetestscripts" name="validatefooterForServices" time="0.276"/>
  <testcase classname="com.atmecs.testScripts.HomePagetestscripts" name="validatefooterForServices" time="0.000"/>
  <testcase classname="com.atmecs.testScripts.HomePagetestscripts" name="validatefooterForServices" time="0.000"/>
  <testcase classname="com.atmecs.testScripts.HomePagetestscripts" name="validatefooterForServices" time="0.076"/>
  <testcase classname="com.atmecs.testScripts.HomePagetestscripts" name="validatefooterForServices" time="0.412"/>
  <testcase classname="com.atmecs.testScripts.HomePagetestscripts" name="validatefooterForServices" time="0.076"/>
  <testcase classname="com.atmecs.testScripts.HomePagetestscripts" name="validatefooterForServices" time="0.442"/>
  <testcase classname="com.atmecs.testScripts.HomePagetestscripts" name="validatefooterForServices" time="0.636"/>
  <testcase classname="com.atmecs.testScripts.HomePagetestscripts" name="validatefooterForServices" time="0.112"/>
  <testcase classname="com.atmecs.testScripts.HomePagetestscripts" name="validatefooterForServices" time="0.080"/>
  <testcase classname="com.atmecs.testScripts.HomePagetestscripts" name="validatefooterForServices" time="0.080"/>
  <testcase classname="com.atmecs.testScripts.HomePagetestscripts" name="validatefooterForServices" time="0.004"/>
  <testcase classname="com.atmecs.testScripts.HomePagetestscripts" name="validatefooterForServices" time="0.344"/>
  <testcase classname="com.atmecs.testScripts.HomePagetestscripts" name="validatefooterForServices" time="0.333"/>
  <testcase classname="com.atmecs.testScripts.HomePagetestscripts" name="validatefooterForServices" time="0.108"/>
  <testcase classname="com.atmecs.testScripts.HomePagetestscripts" name="validatefooterForServices" time="0.080"/>
  <testcase classname="com.atmecs.testScripts.HomePagetestscripts" name="validatefooterForServices" time="0.072"/>
  <testcase classname="com.atmecs.testScripts.HomePagetestscripts" name="validatefooterForServices" time="0.412"/>
  <testcase classname="com.atmecs.testScripts.HomePagetestscripts" name="validatefooterForServices" time="0.289"/>
  <testcase classname="com.atmecs.testScripts.HomePagetestscripts" name="validatefooterForServices" time="0.360"/>
  <testcase classname="com.atmecs.testScripts.HomePagetestscripts" name="validatefooterForServices" time="0.155"/>
  <testcase classname="com.atmecs.testScripts.HomePagetestscripts" name="validatefooterForServices" time="0.064"/>
  <testcase classname="com.atmecs.testScripts.HomePagetestscripts" name="validatefooterForServices" time="0.281"/>
  <testcase classname="com.atmecs.testScripts.HomePagetestscripts" name="validatefooterForServices" time="0.072"/>
  <testcase classname="com.atmecs.testScripts.HomePagetestscripts" name="validatefooterForServices" time="0.076"/>
  <testcase classname="com.atmecs.testScripts.HomePagetestscripts" name="validatefooterForServices" time="0.112"/>
  <testcase classname="com.atmecs.testScripts.HomePagetestscripts" name="validatefooterForServices" time="0.211"/>
  <testcase classname="com.atmecs.testScripts.HomePagetestscripts" name="validatefooterForServices" time="0.574"/>
  <testcase classname="com.atmecs.testScripts.HomePagetestscripts" name="validatefooterForServices" time="0.524"/>
  <testcase classname="com.atmecs.testScripts.HomePagetestscripts" name="validatefooterForServices" time="0.104"/>
  <testcase classname="com.atmecs.testScripts.HomePagetestscripts" name="validatefooterForServices" time="0.134"/>
  <testcase classname="com.atmecs.testScripts.HomePagetestscripts" name="validatefooterForServices" time="0.128"/>
  <testcase classname="com.atmecs.testScripts.HomePagetestscripts" name="validatefooterForServices" time="0.072"/>
  <testcase classname="com.atmecs.testScripts.HomePagetestscripts" name="validatefooterForServices" time="0.096"/>
  <testcase classname="com.atmecs.testScripts.HomePagetestscripts" name="validatefooterForServices" time="0.188"/>
  <testcase classname="com.atmecs.testScripts.HomePagetestscripts" name="validatefooterForServices" time="1.186"/>
  <testcase classname="com.atmecs.testScripts.HomePagetestscripts" name="validatefooterForServices" time="0.136"/>
  <testcase classname="com.atmecs.testScripts.HomePagetestscripts" name="validatefooterForServices" time="0.384"/>
  <testcase classname="com.atmecs.testScripts.HomePagetestscripts" name="validatefooterForServices" time="0.076"/>
  <testcase classname="com.atmecs.testScripts.HomePagetestscripts" name="validatefooterForServices" time="0.793"/>
  <testcase classname="com.atmecs.testScripts.HomePagetestscripts" name="validatefooterForServices" time="0.079"/>
  <testcase classname="com.atmecs.testScripts.HomePagetestscripts" name="validatefooterForServices" time="0.160"/>
  <testcase classname="com.atmecs.testScripts.HomePagetestscripts" name="validatefooterForServices" time="0.156"/>
  <testcase classname="com.atmecs.testScripts.HomePagetestscripts" name="validatefooterForServices" time="0.360"/>
  <testcase classname="com.atmecs.testScripts.HomePagetestscripts" name="validatefooterForServices" time="0.076"/>
  <testcase classname="com.atmecs.testScripts.HomePagetestscripts" name="validatefooterForServices" time="0.092"/>
  <testcase classname="com.atmecs.testScripts.HomePagetestscripts" name="validatefooterForServices" time="0.164"/>
  <testcase classname="com.atmecs.testScripts.HomePagetestscripts" name="validatefooterForServices" time="0.278"/>
  <testcase classname="com.atmecs.testScripts.HomePagetestscripts" name="validatefooterForServices" time="0.320"/>
  <testcase classname="com.atmecs.testScripts.HomePagetestscripts" name="validatefooterForServices" time="0.280"/>
  <testcase classname="com.atmecs.testScripts.HomePagetestscripts" name="validatefooterForServices" time="0.340"/>
  <testcase classname="com.atmecs.testScripts.HomePagetestscripts" name="validatefooterForServices" time="0.403"/>
  <testcase classname="com.atmecs.testScripts.HomePagetestscripts" name="validatefooterForServices" time="0.199"/>
  <testcase classname="com.atmecs.testScripts.HomePagetestscripts" name="validatefooterForServices" time="0.324"/>
  <testcase classname="com.atmecs.testScripts.HomePagetestscripts" name="validatefooterForServices" time="0.064"/>
  <testcase classname="com.atmecs.testScripts.HomePagetestscripts" name="validatefooterForServices" time="0.100"/>
  <testcase classname="com.atmecs.testScripts.HomePagetestscripts" name="validatefooterForServices" time="0.108"/>
  <testcase classname="com.atmecs.testScripts.HomePagetestscripts" name="validatefooterForServices" time="0.649"/>
  <testcase classname="com.atmecs.testScripts.HomePagetestscripts" name="validatefooterForServices" time="0.076"/>
  <testcase classname="com.atmecs.testScripts.HomePagetestscripts" name="validatefooterForServices" time="0.112"/>
  <testcase classname="com.atmecs.testScripts.HomePagetestscripts" name="validatefooterForServices" time="0.140"/>
  <testcase classname="com.atmecs.testScripts.HomePagetestscripts" name="validatefooterForServices" time="0.080"/>
  <testcase classname="com.atmecs.testScripts.HomePagetestscripts" name="validatefooterForServices" time="0.120"/>
  <testcase classname="com.atmecs.testScripts.HomePagetestscripts" name="validatefooterForServices" time="0.064"/>
  <testcase classname="com.atmecs.testScripts.HomePagetestscripts" name="validatefooterForServices" time="0.124"/>
  <testcase classname="com.atmecs.testScripts.HomePagetestscripts" name="validatefooterForServices" time="0.096"/>
  <testcase classname="com.atmecs.testScripts.HomePagetestscripts" name="validatefooterForServices" time="0.311"/>
  <testcase classname="com.atmecs.testScripts.HomePagetestscripts" name="validatefooterForServices" time="0.068"/>
  <testcase classname="com.atmecs.testScripts.HomePagetestscripts" name="validatefooterForServices" time="0.064"/>
  <testcase classname="com.atmecs.testScripts.HomePagetestscripts" name="validatefooterForServices" time="0.104"/>
  <testcase classname="com.atmecs.testScripts.HomePagetestscripts" name="validatefooterForServices" time="0.536"/>
  <testcase classname="com.atmecs.testScripts.HomePagetestscripts" name="validatefooterForServices" time="0.164"/>
  <testcase classname="com.atmecs.testScripts.HomePagetestscripts" name="validatefooterForServices" time="0.120"/>
  <testcase classname="com.atmecs.testScripts.HomePagetestscripts" name="clickHeaderCareers" time="6.141"/>
  <testcase classname="com.atmecs.testScripts.HomePagetestscripts" name="clickHeaderCareers" time="3.648"/>
  <testcase classname="com.atmecs.testScripts.HomePagetestscripts" name="clickHeaderCareers" time="2.537"/>
  <testcase classname="com.atmecs.testScripts.HomePagetestscripts" name="validatefooterForCareers" time="0.001"/>
  <testcase classname="com.atmecs.testScripts.HomePagetestscripts" name="validatefooterForCareers" time="0.119"/>
  <testcase classname="com.atmecs.testScripts.HomePagetestscripts" name="validatefooterForCareers" time="0.368"/>
  <testcase classname="com.atmecs.testScripts.HomePagetestscripts" name="validatefooterForCareers" time="0.580"/>
  <testcase classname="com.atmecs.testScripts.HomePagetestscripts" name="validatefooterForCareers" time="0.514"/>
  <testcase classname="com.atmecs.testScripts.HomePagetestscripts" name="validatefooterForCareers" time="0.545"/>
  <testcase classname="com.atmecs.testScripts.HomePagetestscripts" name="validatefooterForCareers" time="0.090"/>
  <testcase classname="com.atmecs.testScripts.HomePagetestscripts" name="validatefooterForCareers" time="0.095"/>
  <testcase classname="com.atmecs.testScripts.HomePagetestscripts" name="validatefooterForCareers" time="0.299"/>
  <testcase classname="com.atmecs.testScripts.HomePagetestscripts" name="validatefooterForCareers" time="0.068"/>
  <testcase classname="com.atmecs.testScripts.HomePagetestscripts" name="validatefooterForCareers" time="0.500"/>
  <testcase classname="com.atmecs.testScripts.HomePagetestscripts" name="validatefooterForCareers" time="0.176"/>
  <testcase classname="com.atmecs.testScripts.HomePagetestscripts" name="validatefooterForCareers" time="0.111"/>
  <testcase classname="com.atmecs.testScripts.HomePagetestscripts" name="validatefooterForCareers" time="0.392"/>
  <testcase classname="com.atmecs.testScripts.HomePagetestscripts" name="validatefooterForCareers" time="0.068"/>
  <testcase classname="com.atmecs.testScripts.HomePagetestscripts" name="validatefooterForCareers" time="0.243"/>
  <testcase classname="com.atmecs.testScripts.HomePagetestscripts" name="validatefooterForCareers" time="0.329"/>
  <testcase classname="com.atmecs.testScripts.HomePagetestscripts" name="validatefooterForCareers" time="0.072"/>
  <testcase classname="com.atmecs.testScripts.HomePagetestscripts" name="validatefooterForCareers" time="0.084"/>
  <testcase classname="com.atmecs.testScripts.HomePagetestscripts" name="validatefooterForCareers" time="0.191"/>
  <testcase classname="com.atmecs.testScripts.HomePagetestscripts" name="validatefooterForCareers" time="0.668"/>
  <testcase classname="com.atmecs.testScripts.HomePagetestscripts" name="validatefooterForCareers" time="0.134"/>
  <testcase classname="com.atmecs.testScripts.HomePagetestscripts" name="validatefooterForCareers" time="0.137"/>
  <testcase classname="com.atmecs.testScripts.HomePagetestscripts" name="validatefooterForCareers" time="0.110"/>
  <testcase classname="com.atmecs.testScripts.HomePagetestscripts" name="validatefooterForCareers" time="0.068"/>
  <testcase classname="com.atmecs.testScripts.HomePagetestscripts" name="validatefooterForCareers" time="0.385"/>
  <testcase classname="com.atmecs.testScripts.HomePagetestscripts" name="validatefooterForCareers" time="0.272"/>
  <testcase classname="com.atmecs.testScripts.HomePagetestscripts" name="validatefooterForCareers" time="1.002"/>
  <testcase classname="com.atmecs.testScripts.HomePagetestscripts" name="validatefooterForCareers" time="0.301"/>
  <testcase classname="com.atmecs.testScripts.HomePagetestscripts" name="validatefooterForCareers" time="0.091"/>
  <testcase classname="com.atmecs.testScripts.HomePagetestscripts" name="validatefooterForCareers" time="0.499"/>
  <testcase classname="com.atmecs.testScripts.HomePagetestscripts" name="validatefooterForCareers" time="0.068"/>
  <testcase classname="com.atmecs.testScripts.HomePagetestscripts" name="validatefooterForCareers" time="0.067"/>
  <testcase classname="com.atmecs.testScripts.HomePagetestscripts" name="validatefooterForCareers" time="0.080"/>
  <testcase classname="com.atmecs.testScripts.HomePagetestscripts" name="validatefooterForCareers" time="0.142"/>
  <testcase classname="com.atmecs.testScripts.HomePagetestscripts" name="validatefooterForCareers" time="0.296"/>
  <testcase classname="com.atmecs.testScripts.HomePagetestscripts" name="validatefooterForCareers" time="0.730"/>
  <testcase classname="com.atmecs.testScripts.HomePagetestscripts" name="validatefooterForCareers" time="0.088"/>
  <testcase classname="com.atmecs.testScripts.HomePagetestscripts" name="validatefooterForCareers" time="0.088"/>
  <testcase classname="com.atmecs.testScripts.HomePagetestscripts" name="validatefooterForCareers" time="0.060"/>
  <testcase classname="com.atmecs.testScripts.HomePagetestscripts" name="validatefooterForCareers" time="0.100"/>
  <testcase classname="com.atmecs.testScripts.HomePagetestscripts" name="validatefooterForCareers" time="0.076"/>
  <testcase classname="com.atmecs.testScripts.HomePagetestscripts" name="validatefooterForCareers" time="0.072"/>
  <testcase classname="com.atmecs.testScripts.HomePagetestscripts" name="validatefooterForCareers" time="0.068"/>
  <testcase classname="com.atmecs.testScripts.HomePagetestscripts" name="validatefooterForCareers" time="0.548"/>
  <testcase classname="com.atmecs.testScripts.HomePagetestscripts" name="validatefooterForCareers" time="0.384"/>
  <testcase classname="com.atmecs.testScripts.HomePagetestscripts" name="validatefooterForCareers" time="0.068"/>
  <testcase classname="com.atmecs.testScripts.HomePagetestscripts" name="validatefooterForCareers" time="0.068"/>
  <testcase classname="com.atmecs.testScripts.HomePagetestscripts" name="validatefooterForCareers" time="0.268"/>
  <testcase classname="com.atmecs.testScripts.HomePagetestscripts" name="validatefooterForCareers" time="0.068"/>
  <testcase classname="com.atmecs.testScripts.HomePagetestscripts" name="validatefooterForCareers" time="0.072"/>
  <testcase classname="com.atmecs.testScripts.HomePagetestscripts" name="validatefooterForCareers" time="0.794"/>
  <testcase classname="com.atmecs.testScripts.HomePagetestscripts" name="validatefooterForCareers" time="0.064"/>
  <testcase classname="com.atmecs.testScripts.HomePagetestscripts" name="validatefooterForCareers" time="0.068"/>
  <testcase classname="com.atmecs.testScripts.HomePagetestscripts" name="validatefooterForCareers" time="0.307"/>
  <testcase classname="com.atmecs.testScripts.HomePagetestscripts" name="validatefooterForCareers" time="0.129"/>
  <testcase classname="com.atmecs.testScripts.HomePagetestscripts" name="validatefooterForCareers" time="0.068"/>
  <testcase classname="com.atmecs.testScripts.HomePagetestscripts" name="validatefooterForCareers" time="0.124"/>
  <testcase classname="com.atmecs.testScripts.HomePagetestscripts" name="validatefooterForCareers" time="0.091"/>
  <testcase classname="com.atmecs.testScripts.HomePagetestscripts" name="validatefooterForCareers" time="0.584"/>
  <testcase classname="com.atmecs.testScripts.HomePagetestscripts" name="validatefooterForCareers" time="0.651"/>
  <testcase classname="com.atmecs.testScripts.HomePagetestscripts" name="validatefooterForCareers" time="0.613"/>
  <testcase classname="com.atmecs.testScripts.HomePagetestscripts" name="validatefooterForCareers" time="0.201"/>
  <testcase classname="com.atmecs.testScripts.HomePagetestscripts" name="validatefooterForCareers" time="0.000"/>
  <testcase classname="com.atmecs.testScripts.HomePagetestscripts" name="validatefooterForCareers" time="0.134"/>
  <testcase classname="com.atmecs.testScripts.HomePagetestscripts" name="validatefooterForCareers" time="0.068"/>
  <testcase classname="com.atmecs.testScripts.HomePagetestscripts" name="validatefooterForCareers" time="0.113"/>
  <testcase classname="com.atmecs.testScripts.HomePagetestscripts" name="validatefooterForCareers" time="0.064"/>
  <testcase classname="com.atmecs.testScripts.HomePagetestscripts" name="validatefooterForCareers" time="0.136"/>
  <testcase classname="com.atmecs.testScripts.HomePagetestscripts" name="validatefooterForCareers" time="0.396"/>
  <testcase classname="com.atmecs.testScripts.HomePagetestscripts" name="validatefooterForCareers" time="0.181"/>
  <testcase classname="com.atmecs.testScripts.HomePagetestscripts" name="validatefooterForCareers" time="0.348"/>
  <testcase classname="com.atmecs.testScripts.HomePagetestscripts" name="validatefooterForCareers" time="0.466"/>
  <testcase classname="com.atmecs.testScripts.HomePagetestscripts" name="validatefooterForCareers" time="0.392"/>
  <testcase classname="com.atmecs.testScripts.HomePagetestscripts" name="validatefooterForCareers" time="0.312"/>
  <testcase classname="com.atmecs.testScripts.HomePagetestscripts" name="validatefooterForCareers" time="0.474"/>
  <testcase classname="com.atmecs.testScripts.HomePagetestscripts" name="validatefooterForCareers" time="0.117"/>
  <testcase classname="com.atmecs.testScripts.HomePagetestscripts" name="validatefooterForCareers" time="0.095"/>
  <testcase classname="com.atmecs.testScripts.HomePagetestscripts" name="validatefooterForCareers" time="0.200"/>
  <testcase classname="com.atmecs.testScripts.HomePagetestscripts" name="validatefooterForCareers" time="0.890"/>
  <testcase classname="com.atmecs.testScripts.HomePagetestscripts" name="validatefooterForCareers" time="0.072"/>
  <testcase classname="com.atmecs.testScripts.HomePagetestscripts" name="validatefooterForCareers" time="0.137"/>
  <testcase classname="com.atmecs.testScripts.HomePagetestscripts" name="validatefooterForCareers" time="0.072"/>
  <testcase classname="com.atmecs.testScripts.HomePagetestscripts" name="validatefooterForCareers" time="0.104"/>
  <testcase classname="com.atmecs.testScripts.HomePagetestscripts" name="validatefooterForCareers" time="0.067"/>
  <testcase classname="com.atmecs.testScripts.HomePagetestscripts" name="validatefooterForCareers" time="0.168"/>
  <testcase classname="com.atmecs.testScripts.HomePagetestscripts" name="validatefooterForCareers" time="0.152"/>
  <testcase classname="com.atmecs.testScripts.HomePagetestscripts" name="validatefooterForCareers" time="0.408"/>
  <testcase classname="com.atmecs.testScripts.HomePagetestscripts" name="validatefooterForCareers" time="0.106"/>
  <testcase classname="com.atmecs.testScripts.HomePagetestscripts" name="validatefooterForCareers" time="0.000"/>
  <testcase classname="com.atmecs.testScripts.HomePagetestscripts" name="clickHeaderAboutUs" time="4.173"/>
  <testcase classname="com.atmecs.testScripts.HomePagetestscripts" name="clickHeaderAboutUs" time="2.971"/>
  <testcase classname="com.atmecs.testScripts.HomePagetestscripts" name="clickHeaderAboutUs" time="2.059"/>
  <testcase classname="com.atmecs.testScripts.HomePagetestscripts" name="validatefooterForAboutUs" time="0.173"/>
  <testcase classname="com.atmecs.testScripts.HomePagetestscripts" name="validatefooterForAboutUs" time="0.068"/>
  <testcase classname="com.atmecs.testScripts.HomePagetestscripts" name="validatefooterForAboutUs" time="0.064"/>
  <testcase classname="com.atmecs.testScripts.HomePagetestscripts" name="validatefooterForAboutUs" time="0.212"/>
  <testcase classname="com.atmecs.testScripts.HomePagetestscripts" name="validatefooterForAboutUs" time="0.068"/>
  <testcase classname="com.atmecs.testScripts.HomePagetestscripts" name="validatefooterForAboutUs" time="0.165"/>
  <testcase classname="com.atmecs.testScripts.HomePagetestscripts" name="validatefooterForAboutUs" time="0.104"/>
  <testcase classname="com.atmecs.testScripts.HomePagetestscripts" name="validatefooterForAboutUs" time="0.068"/>
  <testcase classname="com.atmecs.testScripts.HomePagetestscripts" name="validatefooterForAboutUs" time="0.072"/>
  <testcase classname="com.atmecs.testScripts.HomePagetestscripts" name="validatefooterForAboutUs" time="0.128"/>
  <testcase classname="com.atmecs.testScripts.HomePagetestscripts" name="validatefooterForAboutUs" time="0.518"/>
  <testcase classname="com.atmecs.testScripts.HomePagetestscripts" name="validatefooterForAboutUs" time="0.368"/>
  <testcase classname="com.atmecs.testScripts.HomePagetestscripts" name="validatefooterForAboutUs" time="0.392"/>
  <testcase classname="com.atmecs.testScripts.HomePagetestscripts" name="validatefooterForAboutUs" time="0.060"/>
  <testcase classname="com.atmecs.testScripts.HomePagetestscripts" name="validatefooterForAboutUs" time="0.436"/>
  <testcase classname="com.atmecs.testScripts.HomePagetestscripts" name="validatefooterForAboutUs" time="0.276"/>
  <testcase classname="com.atmecs.testScripts.HomePagetestscripts" name="validatefooterForAboutUs" time="0.064"/>
  <testcase classname="com.atmecs.testScripts.HomePagetestscripts" name="validatefooterForAboutUs" time="0.076"/>
  <testcase classname="com.atmecs.testScripts.HomePagetestscripts" name="validatefooterForAboutUs" time="0.556"/>
  <testcase classname="com.atmecs.testScripts.HomePagetestscripts" name="validatefooterForAboutUs" time="0.076"/>
  <testcase classname="com.atmecs.testScripts.HomePagetestscripts" name="validatefooterForAboutUs" time="1.001"/>
  <testcase classname="com.atmecs.testScripts.HomePagetestscripts" name="validatefooterForAboutUs" time="0.108"/>
  <testcase classname="com.atmecs.testScripts.HomePagetestscripts" name="validatefooterForAboutUs" time="0.626"/>
  <testcase classname="com.atmecs.testScripts.HomePagetestscripts" name="validatefooterForAboutUs" time="0.380"/>
  <testcase classname="com.atmecs.testScripts.HomePagetestscripts" name="validatefooterForAboutUs" time="0.112"/>
  <testcase classname="com.atmecs.testScripts.HomePagetestscripts" name="validatefooterForAboutUs" time="0.696"/>
  <testcase classname="com.atmecs.testScripts.HomePagetestscripts" name="validatefooterForAboutUs" time="0.299"/>
  <testcase classname="com.atmecs.testScripts.HomePagetestscripts" name="validatefooterForAboutUs" time="0.180"/>
  <testcase classname="com.atmecs.testScripts.HomePagetestscripts" name="validatefooterForAboutUs" time="0.124"/>
  <testcase classname="com.atmecs.testScripts.HomePagetestscripts" name="validatefooterForAboutUs" time="0.096"/>
  <testcase classname="com.atmecs.testScripts.HomePagetestscripts" name="validatefooterForAboutUs" time="0.164"/>
  <testcase classname="com.atmecs.testScripts.HomePagetestscripts" name="validatefooterForAboutUs" time="0.196"/>
  <testcase classname="com.atmecs.testScripts.HomePagetestscripts" name="validatefooterForAboutUs" time="0.072"/>
  <testcase classname="com.atmecs.testScripts.HomePagetestscripts" name="validatefooterForAboutUs" time="0.336"/>
  <testcase classname="com.atmecs.testScripts.HomePagetestscripts" name="validatefooterForAboutUs" time="0.228"/>
  <testcase classname="com.atmecs.testScripts.HomePagetestscripts" name="validatefooterForAboutUs" time="0.317"/>
  <testcase classname="com.atmecs.testScripts.HomePagetestscripts" name="validatefooterForAboutUs" time="0.067"/>
  <testcase classname="com.atmecs.testScripts.HomePagetestscripts" name="validatefooterForAboutUs" time="0.116"/>
  <testcase classname="com.atmecs.testScripts.HomePagetestscripts" name="validatefooterForAboutUs" time="0.108"/>
  <testcase classname="com.atmecs.testScripts.HomePagetestscripts" name="validatefooterForAboutUs" time="0.100"/>
  <testcase classname="com.atmecs.testScripts.HomePagetestscripts" name="validatefooterForAboutUs" time="0.064"/>
  <testcase classname="com.atmecs.testScripts.HomePagetestscripts" name="validatefooterForAboutUs" time="0.148"/>
  <testcase classname="com.atmecs.testScripts.HomePagetestscripts" name="validatefooterForAboutUs" time="0.116"/>
  <testcase classname="com.atmecs.testScripts.HomePagetestscripts" name="validatefooterForAboutUs" time="0.069"/>
  <testcase classname="com.atmecs.testScripts.HomePagetestscripts" name="validatefooterForAboutUs" time="0.570"/>
  <testcase classname="com.atmecs.testScripts.HomePagetestscripts" name="validatefooterForAboutUs" time="0.321"/>
  <testcase classname="com.atmecs.testScripts.HomePagetestscripts" name="validatefooterForAboutUs" time="0.136"/>
  <testcase classname="com.atmecs.testScripts.HomePagetestscripts" name="validatefooterForAboutUs" time="0.683"/>
  <testcase classname="com.atmecs.testScripts.HomePagetestscripts" name="validatefooterForAboutUs" time="0.096"/>
  <testcase classname="com.atmecs.testScripts.HomePagetestscripts" name="validatefooterForAboutUs" time="0.092"/>
  <testcase classname="com.atmecs.testScripts.HomePagetestscripts" name="validatefooterForAboutUs" time="0.064"/>
  <testcase classname="com.atmecs.testScripts.HomePagetestscripts" name="validatefooterForAboutUs" time="0.072"/>
  <testcase classname="com.atmecs.testScripts.HomePagetestscripts" name="validatefooterForAboutUs" time="0.287"/>
  <testcase classname="com.atmecs.testScripts.HomePagetestscripts" name="validatefooterForAboutUs" time="0.000"/>
  <testcase classname="com.atmecs.testScripts.HomePagetestscripts" name="validatefooterForAboutUs" time="0.060"/>
  <testcase classname="com.atmecs.testScripts.HomePagetestscripts" name="validatefooterForAboutUs" time="0.080"/>
  <testcase classname="com.atmecs.testScripts.HomePagetestscripts" name="validatefooterForAboutUs" time="0.417"/>
  <testcase classname="com.atmecs.testScripts.HomePagetestscripts" name="validatefooterForAboutUs" time="0.004"/>
  <testcase classname="com.atmecs.testScripts.HomePagetestscripts" name="validatefooterForAboutUs" time="0.112"/>
  <testcase classname="com.atmecs.testScripts.HomePagetestscripts" name="validatefooterForAboutUs" time="0.068"/>
  <testcase classname="com.atmecs.testScripts.HomePagetestscripts" name="validatefooterForAboutUs" time="0.088"/>
  <testcase classname="com.atmecs.testScripts.HomePagetestscripts" name="validatefooterForAboutUs" time="0.388"/>
  <testcase classname="com.atmecs.testScripts.HomePagetestscripts" name="validatefooterForAboutUs" time="0.131"/>
  <testcase classname="com.atmecs.testScripts.HomePagetestscripts" name="validatefooterForAboutUs" time="0.079"/>
  <testcase classname="com.atmecs.testScripts.HomePagetestscripts" name="validatefooterForAboutUs" time="0.108"/>
  <testcase classname="com.atmecs.testScripts.HomePagetestscripts" name="validatefooterForAboutUs" time="0.353"/>
  <testcase classname="com.atmecs.testScripts.HomePagetestscripts" name="validatefooterForAboutUs" time="0.108"/>
  <testcase classname="com.atmecs.testScripts.HomePagetestscripts" name="validatefooterForAboutUs" time="0.537"/>
  <testcase classname="com.atmecs.testScripts.HomePagetestscripts" name="validatefooterForAboutUs" time="0.064"/>
  <testcase classname="com.atmecs.testScripts.HomePagetestscripts" name="validatefooterForAboutUs" time="0.059"/>
  <testcase classname="com.atmecs.testScripts.HomePagetestscripts" name="validatefooterForAboutUs" time="0.120"/>
  <testcase classname="com.atmecs.testScripts.HomePagetestscripts" name="validatefooterForAboutUs" time="0.416"/>
  <testcase classname="com.atmecs.testScripts.HomePagetestscripts" name="validatefooterForAboutUs" time="0.497"/>
  <testcase classname="com.atmecs.testScripts.HomePagetestscripts" name="validatefooterForAboutUs" time="0.148"/>
  <testcase classname="com.atmecs.testScripts.HomePagetestscripts" name="validatefooterForAboutUs" time="0.532"/>
  <testcase classname="com.atmecs.testScripts.HomePagetestscripts" name="validatefooterForAboutUs" time="0.068"/>
  <testcase classname="com.atmecs.testScripts.HomePagetestscripts" name="validatefooterForAboutUs" time="0.520"/>
  <testcase classname="com.atmecs.testScripts.HomePagetestscripts" name="validatefooterForAboutUs" time="0.072"/>
  <testcase classname="com.atmecs.testScripts.HomePagetestscripts" name="validatefooterForAboutUs" time="0.188"/>
  <testcase classname="com.atmecs.testScripts.HomePagetestscripts" name="validatefooterForAboutUs" time="0.000"/>
  <testcase classname="com.atmecs.testScripts.HomePagetestscripts" name="validatefooterForAboutUs" time="0.285"/>
  <testcase classname="com.atmecs.testScripts.HomePagetestscripts" name="validatefooterForAboutUs" time="0.356"/>
  <testcase classname="com.atmecs.testScripts.HomePagetestscripts" name="validatefooterForAboutUs" time="0.569"/>
  <testcase classname="com.atmecs.testScripts.HomePagetestscripts" name="validatefooterForAboutUs" time="0.398"/>
  <testcase classname="com.atmecs.testScripts.HomePagetestscripts" name="validatefooterForAboutUs" time="0.248"/>
  <testcase classname="com.atmecs.testScripts.HomePagetestscripts" name="validatefooterForAboutUs" time="0.136"/>
  <testcase classname="com.atmecs.testScripts.HomePagetestscripts" name="validatefooterForAboutUs" time="0.404"/>
  <testcase classname="com.atmecs.testScripts.HomePagetestscripts" name="validatefooterForAboutUs" time="0.080"/>
  <testcase classname="com.atmecs.testScripts.HomePagetestscripts" name="validatefooterForAboutUs" time="0.060"/>
  <testcase classname="com.atmecs.testScripts.HomePagetestscripts" name="validatefooterForAboutUs" time="0.092"/>
  <testcase classname="com.atmecs.testScripts.HomePagetestscripts" name="clickHeaderPartners" time="0.676"/>
  <testcase classname="com.atmecs.testScripts.HomePagetestscripts" name="clickHeaderPartners" time="3.471"/>
  <testcase classname="com.atmecs.testScripts.HomePagetestscripts" name="clickHeaderPartners" time="3.776"/>
  <testcase classname="com.atmecs.testScripts.HomePagetestscripts" name="validatefooterForPartner" time="1.704"/>
  <testcase classname="com.atmecs.testScripts.HomePagetestscripts" name="validatefooterForPartner" time="0.229"/>
  <testcase classname="com.atmecs.testScripts.HomePagetestscripts" name="validatefooterForPartner" time="0.358"/>
  <testcase classname="com.atmecs.testScripts.HomePagetestscripts" name="validatefooterForPartner" time="0.065"/>
  <testcase classname="com.atmecs.testScripts.HomePagetestscripts" name="validatefooterForPartner" time="0.100"/>
  <testcase classname="com.atmecs.testScripts.HomePagetestscripts" name="validatefooterForPartner" time="0.096"/>
  <testcase classname="com.atmecs.testScripts.HomePagetestscripts" name="validatefooterForPartner" time="0.256"/>
  <testcase classname="com.atmecs.testScripts.HomePagetestscripts" name="validatefooterForPartner" time="0.148"/>
  <testcase classname="com.atmecs.testScripts.HomePagetestscripts" name="validatefooterForPartner" time="0.107"/>
  <testcase classname="com.atmecs.testScripts.HomePagetestscripts" name="validatefooterForPartner" time="0.063"/>
  <testcase classname="com.atmecs.testScripts.HomePagetestscripts" name="validatefooterForPartner" time="0.128"/>
  <testcase classname="com.atmecs.testScripts.HomePagetestscripts" name="validatefooterForPartner" time="0.096"/>
  <testcase classname="com.atmecs.testScripts.HomePagetestscripts" name="validatefooterForPartner" time="0.344"/>
  <testcase classname="com.atmecs.testScripts.HomePagetestscripts" name="validatefooterForPartner" time="0.079"/>
  <testcase classname="com.atmecs.testScripts.HomePagetestscripts" name="validatefooterForPartner" time="0.147"/>
  <testcase classname="com.atmecs.testScripts.HomePagetestscripts" name="validatefooterForPartner" time="0.096"/>
  <testcase classname="com.atmecs.testScripts.HomePagetestscripts" name="validatefooterForPartner" time="0.268"/>
  <testcase classname="com.atmecs.testScripts.HomePagetestscripts" name="validatefooterForPartner" time="0.248"/>
  <testcase classname="com.atmecs.testScripts.HomePagetestscripts" name="validatefooterForPartner" time="0.256"/>
  <testcase classname="com.atmecs.testScripts.HomePagetestscripts" name="validatefooterForPartner" time="0.236"/>
  <testcase classname="com.atmecs.testScripts.HomePagetestscripts" name="validatefooterForPartner" time="0.144"/>
  <testcase classname="com.atmecs.testScripts.HomePagetestscripts" name="validatefooterForPartner" time="0.066"/>
  <testcase classname="com.atmecs.testScripts.HomePagetestscripts" name="validatefooterForPartner" time="0.088"/>
  <testcase classname="com.atmecs.testScripts.HomePagetestscripts" name="validatefooterForPartner" time="0.078"/>
  <testcase classname="com.atmecs.testScripts.HomePagetestscripts" name="validatefooterForPartner" time="0.084"/>
  <testcase classname="com.atmecs.testScripts.HomePagetestscripts" name="validatefooterForPartner" time="0.217"/>
  <testcase classname="com.atmecs.testScripts.HomePagetestscripts" name="validatefooterForPartner" time="0.069"/>
  <testcase classname="com.atmecs.testScripts.HomePagetestscripts" name="validatefooterForPartner" time="0.072"/>
  <testcase classname="com.atmecs.testScripts.HomePagetestscripts" name="validatefooterForPartner" time="0.068"/>
  <testcase classname="com.atmecs.testScripts.HomePagetestscripts" name="validatefooterForPartner" time="0.256"/>
  <testcase classname="com.atmecs.testScripts.HomePagetestscripts" name="validatefooterForPartner" time="0.073"/>
  <testcase classname="com.atmecs.testScripts.HomePagetestscripts" name="validatefooterForPartner" time="0.100"/>
  <testcase classname="com.atmecs.testScripts.HomePagetestscripts" name="validatefooterForPartner" time="0.292"/>
  <testcase classname="com.atmecs.testScripts.HomePagetestscripts" name="validatefooterForPartner" time="0.068"/>
  <testcase classname="com.atmecs.testScripts.HomePagetestscripts" name="validatefooterForPartner" time="0.236"/>
  <testcase classname="com.atmecs.testScripts.HomePagetestscripts" name="validatefooterForPartner" time="0.088"/>
  <testcase classname="com.atmecs.testScripts.HomePagetestscripts" name="validatefooterForPartner" time="0.065"/>
  <testcase classname="com.atmecs.testScripts.HomePagetestscripts" name="validatefooterForPartner" time="0.064"/>
  <testcase classname="com.atmecs.testScripts.HomePagetestscripts" name="validatefooterForPartner" time="0.288"/>
  <testcase classname="com.atmecs.testScripts.HomePagetestscripts" name="validatefooterForPartner" time="0.112"/>
  <testcase classname="com.atmecs.testScripts.HomePagetestscripts" name="validatefooterForPartner" time="0.088"/>
  <testcase classname="com.atmecs.testScripts.HomePagetestscripts" name="validatefooterForPartner" time="0.092"/>
  <testcase classname="com.atmecs.testScripts.HomePagetestscripts" name="validatefooterForPartner" time="0.124"/>
  <testcase classname="com.atmecs.testScripts.HomePagetestscripts" name="validatefooterForPartner" time="0.066"/>
  <testcase classname="com.atmecs.testScripts.HomePagetestscripts" name="validatefooterForPartner" time="0.280"/>
  <testcase classname="com.atmecs.testScripts.HomePagetestscripts" name="validatefooterForPartner" time="0.260"/>
  <testcase classname="com.atmecs.testScripts.HomePagetestscripts" name="validatefooterForPartner" time="0.224"/>
  <testcase classname="com.atmecs.testScripts.HomePagetestscripts" name="validatefooterForPartner" time="0.224"/>
  <testcase classname="com.atmecs.testScripts.HomePagetestscripts" name="validatefooterForPartner" time="0.252"/>
  <testcase classname="com.atmecs.testScripts.HomePagetestscripts" name="validatefooterForPartner" time="0.080"/>
  <testcase classname="com.atmecs.testScripts.HomePagetestscripts" name="validatefooterForPartner" time="0.292"/>
  <testcase classname="com.atmecs.testScripts.HomePagetestscripts" name="validatefooterForPartner" time="0.179"/>
  <testcase classname="com.atmecs.testScripts.HomePagetestscripts" name="validatefooterForPartner" time="0.000"/>
  <testcase classname="com.atmecs.testScripts.HomePagetestscripts" name="validatefooterForPartner" time="0.418"/>
  <testcase classname="com.atmecs.testScripts.HomePagetestscripts" name="validatefooterForPartner" time="0.073"/>
  <testcase classname="com.atmecs.testScripts.HomePagetestscripts" name="validatefooterForPartner" time="0.096"/>
  <testcase classname="com.atmecs.testScripts.HomePagetestscripts" name="validatefooterForPartner" time="0.443"/>
  <testcase classname="com.atmecs.testScripts.HomePagetestscripts" name="validatefooterForPartner" time="0.232"/>
  <testcase classname="com.atmecs.testScripts.HomePagetestscripts" name="validatefooterForPartner" time="0.065"/>
  <testcase classname="com.atmecs.testScripts.HomePagetestscripts" name="validatefooterForPartner" time="0.068"/>
  <testcase classname="com.atmecs.testScripts.HomePagetestscripts" name="validatefooterForPartner" time="0.311"/>
  <testcase classname="com.atmecs.testScripts.HomePagetestscripts" name="validatefooterForPartner" time="0.077"/>
  <testcase classname="com.atmecs.testScripts.HomePagetestscripts" name="validatefooterForPartner" time="0.000"/>
  <testcase classname="com.atmecs.testScripts.HomePagetestscripts" name="validatefooterForPartner" time="0.074"/>
  <testcase classname="com.atmecs.testScripts.HomePagetestscripts" name="validatefooterForPartner" time="0.082"/>
  <testcase classname="com.atmecs.testScripts.HomePagetestscripts" name="validatefooterForPartner" time="0.060"/>
  <testcase classname="com.atmecs.testScripts.HomePagetestscripts" name="validatefooterForPartner" time="0.060"/>
  <testcase classname="com.atmecs.testScripts.HomePagetestscripts" name="validatefooterForPartner" time="0.092"/>
  <testcase classname="com.atmecs.testScripts.HomePagetestscripts" name="validatefooterForPartner" time="0.246"/>
  <testcase classname="com.atmecs.testScripts.HomePagetestscripts" name="validatefooterForPartner" time="0.609"/>
  <testcase classname="com.atmecs.testScripts.HomePagetestscripts" name="validatefooterForPartner" time="0.255"/>
  <testcase classname="com.atmecs.testScripts.HomePagetestscripts" name="validatefooterForPartner" time="0.095"/>
  <testcase classname="com.atmecs.testScripts.HomePagetestscripts" name="validatefooterForPartner" time="0.066"/>
  <testcase classname="com.atmecs.testScripts.HomePagetestscripts" name="validatefooterForPartner" time="0.148"/>
  <testcase classname="com.atmecs.testScripts.HomePagetestscripts" name="validatefooterForPartner" time="0.076"/>
  <testcase classname="com.atmecs.testScripts.HomePagetestscripts" name="validatefooterForPartner" time="0.061"/>
  <testcase classname="com.atmecs.testScripts.HomePagetestscripts" name="validatefooterForPartner" time="0.228"/>
  <testcase classname="com.atmecs.testScripts.HomePagetestscripts" name="validatefooterForPartner" time="0.001"/>
  <testcase classname="com.atmecs.testScripts.HomePagetestscripts" name="validatefooterForPartner" time="0.082"/>
  <testcase classname="com.atmecs.testScripts.HomePagetestscripts" name="validatefooterForPartner" time="0.076"/>
  <testcase classname="com.atmecs.testScripts.HomePagetestscripts" name="validatefooterForPartner" time="0.100"/>
  <testcase classname="com.atmecs.testScripts.HomePagetestscripts" name="validatefooterForPartner" time="0.062"/>
  <testcase classname="com.atmecs.testScripts.HomePagetestscripts" name="validatefooterForPartner" time="0.065"/>
  <testcase classname="com.atmecs.testScripts.HomePagetestscripts" name="validatefooterForPartner" time="0.068"/>
  <testcase classname="com.atmecs.testScripts.HomePagetestscripts" name="validatefooterForPartner" time="0.236"/>
  <testcase classname="com.atmecs.testScripts.HomePagetestscripts" name="validatefooterForPartner" time="0.096"/>
  <testcase classname="com.atmecs.testScripts.HomePagetestscripts" name="validatefooterForPartner" time="0.079"/>
  <testcase classname="com.atmecs.testScripts.HomePagetestscripts" name="validatefooterForPartner" time="0.063"/>
  <testcase classname="com.atmecs.testScripts.HomePagetestscripts" name="validatefooterForPartner" time="0.073"/>
  <testcase classname="com.atmecs.testScripts.HomePagetestscripts" name="validatefooterForPartner" time="0.156"/>
  <testcase classname="com.atmecs.testScripts.HomePagetestscripts" name="clickHeaderMedia" time="0.236"/>
  <testcase classname="com.atmecs.testScripts.HomePagetestscripts" name="clickHeaderMedia" time="0.136"/>
  <testcase classname="com.atmecs.testScripts.HomePagetestscripts" name="clickHeaderMedia" time="0.872"/>
  <testcase classname="com.atmecs.testScripts.HomePagetestscripts" name="validatefooterForMedia" time="0.277"/>
  <testcase classname="com.atmecs.testScripts.HomePagetestscripts" name="validatefooterForMedia" time="0.072"/>
  <testcase classname="com.atmecs.testScripts.HomePagetestscripts" name="validatefooterForMedia" time="0.076"/>
  <testcase classname="com.atmecs.testScripts.HomePagetestscripts" name="validatefooterForMedia" time="0.068"/>
  <testcase classname="com.atmecs.testScripts.HomePagetestscripts" name="validatefooterForMedia" time="0.075"/>
  <testcase classname="com.atmecs.testScripts.HomePagetestscripts" name="validatefooterForMedia" time="0.072"/>
  <testcase classname="com.atmecs.testScripts.HomePagetestscripts" name="validatefooterForMedia" time="0.076"/>
  <testcase classname="com.atmecs.testScripts.HomePagetestscripts" name="validatefooterForMedia" time="0.372"/>
  <testcase classname="com.atmecs.testScripts.HomePagetestscripts" name="validatefooterForMedia" time="0.400"/>
  <testcase classname="com.atmecs.testScripts.HomePagetestscripts" name="validatefooterForMedia" time="0.069"/>
  <testcase classname="com.atmecs.testScripts.HomePagetestscripts" name="validatefooterForMedia" time="0.076"/>
  <testcase classname="com.atmecs.testScripts.HomePagetestscripts" name="validatefooterForMedia" time="0.128"/>
  <testcase classname="com.atmecs.testScripts.HomePagetestscripts" name="validatefooterForMedia" time="0.000"/>
  <testcase classname="com.atmecs.testScripts.HomePagetestscripts" name="validatefooterForMedia" time="0.068"/>
  <testcase classname="com.atmecs.testScripts.HomePagetestscripts" name="validatefooterForMedia" time="0.277"/>
  <testcase classname="com.atmecs.testScripts.HomePagetestscripts" name="validatefooterForMedia" time="0.082"/>
  <testcase classname="com.atmecs.testScripts.HomePagetestscripts" name="validatefooterForMedia" time="0.068"/>
  <testcase classname="com.atmecs.testScripts.HomePagetestscripts" name="validatefooterForMedia" time="0.068"/>
  <testcase classname="com.atmecs.testScripts.HomePagetestscripts" name="validatefooterForMedia" time="0.324"/>
  <testcase classname="com.atmecs.testScripts.HomePagetestscripts" name="validatefooterForMedia" time="0.250"/>
  <testcase classname="com.atmecs.testScripts.HomePagetestscripts" name="validatefooterForMedia" time="0.071"/>
  <testcase classname="com.atmecs.testScripts.HomePagetestscripts" name="validatefooterForMedia" time="0.276"/>
  <testcase classname="com.atmecs.testScripts.HomePagetestscripts" name="validatefooterForMedia" time="0.396"/>
  <testcase classname="com.atmecs.testScripts.HomePagetestscripts" name="validatefooterForMedia" time="0.064"/>
  <testcase classname="com.atmecs.testScripts.HomePagetestscripts" name="validatefooterForMedia" time="0.066"/>
  <testcase classname="com.atmecs.testScripts.HomePagetestscripts" name="validatefooterForMedia" time="0.501"/>
  <testcase classname="com.atmecs.testScripts.HomePagetestscripts" name="validatefooterForMedia" time="0.279"/>
  <testcase classname="com.atmecs.testScripts.HomePagetestscripts" name="validatefooterForMedia" time="0.072"/>
  <testcase classname="com.atmecs.testScripts.HomePagetestscripts" name="validatefooterForMedia" time="0.064"/>
  <testcase classname="com.atmecs.testScripts.HomePagetestscripts" name="validatefooterForMedia" time="0.092"/>
  <testcase classname="com.atmecs.testScripts.HomePagetestscripts" name="validatefooterForMedia" time="0.074"/>
  <testcase classname="com.atmecs.testScripts.HomePagetestscripts" name="validatefooterForMedia" time="0.320"/>
  <testcase classname="com.atmecs.testScripts.HomePagetestscripts" name="validatefooterForMedia" time="0.069"/>
  <testcase classname="com.atmecs.testScripts.HomePagetestscripts" name="validatefooterForMedia" time="0.112"/>
  <testcase classname="com.atmecs.testScripts.HomePagetestscripts" name="validatefooterForMedia" time="0.076"/>
  <testcase classname="com.atmecs.testScripts.HomePagetestscripts" name="validatefooterForMedia" time="0.280"/>
  <testcase classname="com.atmecs.testScripts.HomePagetestscripts" name="validatefooterForMedia" time="0.066"/>
  <testcase classname="com.atmecs.testScripts.HomePagetestscripts" name="validatefooterForMedia" time="0.068"/>
  <testcase classname="com.atmecs.testScripts.HomePagetestscripts" name="validatefooterForMedia" time="0.368"/>
  <testcase classname="com.atmecs.testScripts.HomePagetestscripts" name="validatefooterForMedia" time="0.074"/>
  <testcase classname="com.atmecs.testScripts.HomePagetestscripts" name="validatefooterForMedia" time="0.064"/>
  <testcase classname="com.atmecs.testScripts.HomePagetestscripts" name="validatefooterForMedia" time="0.070"/>
  <testcase classname="com.atmecs.testScripts.HomePagetestscripts" name="validatefooterForMedia" time="0.289"/>
  <testcase classname="com.atmecs.testScripts.HomePagetestscripts" name="validatefooterForMedia" time="0.268"/>
  <testcase classname="com.atmecs.testScripts.HomePagetestscripts" name="validatefooterForMedia" time="0.060"/>
  <testcase classname="com.atmecs.testScripts.HomePagetestscripts" name="validatefooterForMedia" time="0.096"/>
  <testcase classname="com.atmecs.testScripts.HomePagetestscripts" name="validatefooterForMedia" time="0.355"/>
  <testcase classname="com.atmecs.testScripts.HomePagetestscripts" name="validatefooterForMedia" time="0.000"/>
  <testcase classname="com.atmecs.testScripts.HomePagetestscripts" name="validatefooterForMedia" time="0.063"/>
  <testcase classname="com.atmecs.testScripts.HomePagetestscripts" name="validatefooterForMedia" time="0.068"/>
  <testcase classname="com.atmecs.testScripts.HomePagetestscripts" name="validatefooterForMedia" time="0.072"/>
  <testcase classname="com.atmecs.testScripts.HomePagetestscripts" name="validatefooterForMedia" time="0.066"/>
  <testcase classname="com.atmecs.testScripts.HomePagetestscripts" name="validatefooterForMedia" time="0.072"/>
  <testcase classname="com.atmecs.testScripts.HomePagetestscripts" name="validatefooterForMedia" time="0.303"/>
  <testcase classname="com.atmecs.testScripts.HomePagetestscripts" name="validatefooterForMedia" time="0.100"/>
  <testcase classname="com.atmecs.testScripts.HomePagetestscripts" name="validatefooterForMedia" time="0.077"/>
  <testcase classname="com.atmecs.testScripts.HomePagetestscripts" name="validatefooterForMedia" time="0.348"/>
  <testcase classname="com.atmecs.testScripts.HomePagetestscripts" name="validatefooterForMedia" time="0.072"/>
  <testcase classname="com.atmecs.testScripts.HomePagetestscripts" name="validatefooterForMedia" time="0.065"/>
  <testcase classname="com.atmecs.testScripts.HomePagetestscripts" name="validatefooterForMedia" time="0.069"/>
  <testcase classname="com.atmecs.testScripts.HomePagetestscripts" name="validatefooterForMedia" time="0.292"/>
  <testcase classname="com.atmecs.testScripts.HomePagetestscripts" name="validatefooterForMedia" time="0.068"/>
  <testcase classname="com.atmecs.testScripts.HomePagetestscripts" name="validatefooterForMedia" time="0.084"/>
  <testcase classname="com.atmecs.testScripts.HomePagetestscripts" name="validatefooterForMedia" time="0.176"/>
  <testcase classname="com.atmecs.testScripts.HomePagetestscripts" name="validatefooterForMedia" time="0.284"/>
  <testcase classname="com.atmecs.testScripts.HomePagetestscripts" name="validatefooterForMedia" time="0.064"/>
  <testcase classname="com.atmecs.testScripts.HomePagetestscripts" name="validatefooterForMedia" time="0.184"/>
  <testcase classname="com.atmecs.testScripts.HomePagetestscripts" name="validatefooterForMedia" time="0.076"/>
  <testcase classname="com.atmecs.testScripts.HomePagetestscripts" name="validatefooterForMedia" time="0.548"/>
  <testcase classname="com.atmecs.testScripts.HomePagetestscripts" name="validatefooterForMedia" time="0.067"/>
  <testcase classname="com.atmecs.testScripts.HomePagetestscripts" name="validatefooterForMedia" time="0.064"/>
  <testcase classname="com.atmecs.testScripts.HomePagetestscripts" name="validatefooterForMedia" time="0.351"/>
  <testcase classname="com.atmecs.testScripts.HomePagetestscripts" name="validatefooterForMedia" time="0.356"/>
  <testcase classname="com.atmecs.testScripts.HomePagetestscripts" name="validatefooterForMedia" time="0.088"/>
  <testcase classname="com.atmecs.testScripts.HomePagetestscripts" name="validatefooterForMedia" time="0.452"/>
  <testcase classname="com.atmecs.testScripts.HomePagetestscripts" name="validatefooterForMedia" time="0.363"/>
  <testcase classname="com.atmecs.testScripts.HomePagetestscripts" name="validatefooterForMedia" time="0.308"/>
  <testcase classname="com.atmecs.testScripts.HomePagetestscripts" name="validatefooterForMedia" time="0.000"/>
  <testcase classname="com.atmecs.testScripts.HomePagetestscripts" name="validatefooterForMedia" time="0.068"/>
  <testcase classname="com.atmecs.testScripts.HomePagetestscripts" name="validatefooterForMedia" time="0.089"/>
  <testcase classname="com.atmecs.testScripts.HomePagetestscripts" name="validatefooterForMedia" time="0.076"/>
  <testcase classname="com.atmecs.testScripts.HomePagetestscripts" name="validatefooterForMedia" time="0.318"/>
  <testcase classname="com.atmecs.testScripts.HomePagetestscripts" name="validatefooterForMedia" time="0.156"/>
  <testcase classname="com.atmecs.testScripts.HomePagetestscripts" name="validatefooterForMedia" time="0.062"/>
  <testcase classname="com.atmecs.testScripts.HomePagetestscripts" name="validatefooterForMedia" time="0.344"/>
  <testcase classname="com.atmecs.testScripts.HomePagetestscripts" name="validatefooterForMedia" time="0.148"/>
  <testcase classname="com.atmecs.testScripts.HomePagetestscripts" name="validatefooterForMedia" time="0.064"/>
  <testcase classname="com.atmecs.testScripts.HomePagetestscripts" name="validatefooterForMedia" time="0.068"/>
  <testcase classname="com.atmecs.testScripts.HomePagetestscripts" name="validatefooterForMedia" time="0.492"/>
  <testcase classname="com.atmecs.testScripts.HomePagetestscripts" name="validatefooterForMedia" time="0.288"/>
  <testcase classname="com.atmecs.testScripts.HomePagetestscripts" name="clickContactUs" time="3.682"/>
  <testcase classname="com.atmecs.testScripts.HomePagetestscripts" name="clickContactUs" time="2.729"/>
  <testcase classname="com.atmecs.testScripts.HomePagetestscripts" name="clickContactUs" time="6.567"/>
  <testcase classname="com.atmecs.testScripts.HomePagetestscripts" name="validatefooterForContacts" time="0.077"/>
  <testcase classname="com.atmecs.testScripts.HomePagetestscripts" name="validatefooterForContacts" time="0.092"/>
  <testcase classname="com.atmecs.testScripts.HomePagetestscripts" name="validatefooterForContacts" time="0.132"/>
  <testcase classname="com.atmecs.testScripts.HomePagetestscripts" name="validatefooterForContacts" time="0.288"/>
  <testcase classname="com.atmecs.testScripts.HomePagetestscripts" name="validatefooterForContacts" time="0.092"/>
  <testcase classname="com.atmecs.testScripts.HomePagetestscripts" name="validatefooterForContacts" time="0.308"/>
  <testcase classname="com.atmecs.testScripts.HomePagetestscripts" name="validatefooterForContacts" time="0.072"/>
  <testcase classname="com.atmecs.testScripts.HomePagetestscripts" name="validatefooterForContacts" time="0.076"/>
  <testcase classname="com.atmecs.testScripts.HomePagetestscripts" name="validatefooterForContacts" time="0.272"/>
  <testcase classname="com.atmecs.testScripts.HomePagetestscripts" name="validatefooterForContacts" time="0.132"/>
  <testcase classname="com.atmecs.testScripts.HomePagetestscripts" name="validatefooterForContacts" time="0.122"/>
  <testcase classname="com.atmecs.testScripts.HomePagetestscripts" name="validatefooterForContacts" time="0.112"/>
  <testcase classname="com.atmecs.testScripts.HomePagetestscripts" name="validatefooterForContacts" time="0.001"/>
  <testcase classname="com.atmecs.testScripts.HomePagetestscripts" name="validatefooterForContacts" time="0.100"/>
  <testcase classname="com.atmecs.testScripts.HomePagetestscripts" name="validatefooterForContacts" time="0.160"/>
  <testcase classname="com.atmecs.testScripts.HomePagetestscripts" name="validatefooterForContacts" time="0.076"/>
  <testcase classname="com.atmecs.testScripts.HomePagetestscripts" name="validatefooterForContacts" time="0.072"/>
  <testcase classname="com.atmecs.testScripts.HomePagetestscripts" name="validatefooterForContacts" time="0.374"/>
  <testcase classname="com.atmecs.testScripts.HomePagetestscripts" name="validatefooterForContacts" time="0.068"/>
  <testcase classname="com.atmecs.testScripts.HomePagetestscripts" name="validatefooterForContacts" time="0.301"/>
  <testcase classname="com.atmecs.testScripts.HomePagetestscripts" name="validatefooterForContacts" time="0.068"/>
  <testcase classname="com.atmecs.testScripts.HomePagetestscripts" name="validatefooterForContacts" time="0.309"/>
  <testcase classname="com.atmecs.testScripts.HomePagetestscripts" name="validatefooterForContacts" time="0.172"/>
  <testcase classname="com.atmecs.testScripts.HomePagetestscripts" name="validatefooterForContacts" time="0.000"/>
  <testcase classname="com.atmecs.testScripts.HomePagetestscripts" name="validatefooterForContacts" time="0.068"/>
  <testcase classname="com.atmecs.testScripts.HomePagetestscripts" name="validatefooterForContacts" time="0.248"/>
  <testcase classname="com.atmecs.testScripts.HomePagetestscripts" name="validatefooterForContacts" time="0.156"/>
  <testcase classname="com.atmecs.testScripts.HomePagetestscripts" name="validatefooterForContacts" time="0.342"/>
  <testcase classname="com.atmecs.testScripts.HomePagetestscripts" name="validatefooterForContacts" time="0.065"/>
  <testcase classname="com.atmecs.testScripts.HomePagetestscripts" name="validatefooterForContacts" time="0.285"/>
  <testcase classname="com.atmecs.testScripts.HomePagetestscripts" name="validatefooterForContacts" time="0.084"/>
  <testcase classname="com.atmecs.testScripts.HomePagetestscripts" name="validatefooterForContacts" time="0.152"/>
  <testcase classname="com.atmecs.testScripts.HomePagetestscripts" name="validatefooterForContacts" time="0.247"/>
  <testcase classname="com.atmecs.testScripts.HomePagetestscripts" name="validatefooterForContacts" time="0.310"/>
  <testcase classname="com.atmecs.testScripts.HomePagetestscripts" name="validatefooterForContacts" time="0.124"/>
  <testcase classname="com.atmecs.testScripts.HomePagetestscripts" name="validatefooterForContacts" time="0.283"/>
  <testcase classname="com.atmecs.testScripts.HomePagetestscripts" name="validatefooterForContacts" time="0.280"/>
  <testcase classname="com.atmecs.testScripts.HomePagetestscripts" name="validatefooterForContacts" time="0.112"/>
  <testcase classname="com.atmecs.testScripts.HomePagetestscripts" name="validatefooterForContacts" time="0.296"/>
  <testcase classname="com.atmecs.testScripts.HomePagetestscripts" name="validatefooterForContacts" time="0.292"/>
  <testcase classname="com.atmecs.testScripts.HomePagetestscripts" name="validatefooterForContacts" time="0.108"/>
  <testcase classname="com.atmecs.testScripts.HomePagetestscripts" name="validatefooterForContacts" time="0.273"/>
  <testcase classname="com.atmecs.testScripts.HomePagetestscripts" name="validatefooterForContacts" time="0.076"/>
  <testcase classname="com.atmecs.testScripts.HomePagetestscripts" name="validatefooterForContacts" time="0.136"/>
  <testcase classname="com.atmecs.testScripts.HomePagetestscripts" name="validatefooterForContacts" time="0.282"/>
  <testcase classname="com.atmecs.testScripts.HomePagetestscripts" name="validatefooterForContacts" time="0.146"/>
  <testcase classname="com.atmecs.testScripts.HomePagetestscripts" name="validatefooterForContacts" time="0.140"/>
  <testcase classname="com.atmecs.testScripts.HomePagetestscripts" name="validatefooterForContacts" time="0.528"/>
  <testcase classname="com.atmecs.testScripts.HomePagetestscripts" name="validatefooterForContacts" time="0.112"/>
  <testcase classname="com.atmecs.testScripts.HomePagetestscripts" name="validatefooterForContacts" time="0.184"/>
  <testcase classname="com.atmecs.testScripts.HomePagetestscripts" name="validatefooterForContacts" time="0.080"/>
  <testcase classname="com.atmecs.testScripts.HomePagetestscripts" name="validatefooterForContacts" time="0.076"/>
  <testcase classname="com.atmecs.testScripts.HomePagetestscripts" name="validatefooterForContacts" time="0.070"/>
  <testcase classname="com.atmecs.testScripts.HomePagetestscripts" name="validatefooterForContacts" time="0.129"/>
  <testcase classname="com.atmecs.testScripts.HomePagetestscripts" name="validatefooterForContacts" time="0.064"/>
  <testcase classname="com.atmecs.testScripts.HomePagetestscripts" name="validatefooterForContacts" time="0.068"/>
  <testcase classname="com.atmecs.testScripts.HomePagetestscripts" name="validatefooterForContacts" time="0.304"/>
  <testcase classname="com.atmecs.testScripts.HomePagetestscripts" name="validatefooterForContacts" time="0.328"/>
  <testcase classname="com.atmecs.testScripts.HomePagetestscripts" name="validatefooterForContacts" time="0.076"/>
  <testcase classname="com.atmecs.testScripts.HomePagetestscripts" name="validatefooterForContacts" time="0.087"/>
  <testcase classname="com.atmecs.testScripts.HomePagetestscripts" name="validatefooterForContacts" time="0.274"/>
  <testcase classname="com.atmecs.testScripts.HomePagetestscripts" name="validatefooterForContacts" time="0.116"/>
  <testcase classname="com.atmecs.testScripts.HomePagetestscripts" name="validatefooterForContacts" time="0.156"/>
  <testcase classname="com.atmecs.testScripts.HomePagetestscripts" name="validatefooterForContacts" time="0.260"/>
  <testcase classname="com.atmecs.testScripts.HomePagetestscripts" name="validatefooterForContacts" time="0.080"/>
  <testcase classname="com.atmecs.testScripts.HomePagetestscripts" name="validatefooterForContacts" time="0.129"/>
  <testcase classname="com.atmecs.testScripts.HomePagetestscripts" name="validatefooterForContacts" time="0.072"/>
  <testcase classname="com.atmecs.testScripts.HomePagetestscripts" name="validatefooterForContacts" time="0.068"/>
  <testcase classname="com.atmecs.testScripts.HomePagetestscripts" name="validatefooterForContacts" time="0.120"/>
  <testcase classname="com.atmecs.testScripts.HomePagetestscripts" name="validatefooterForContacts" time="0.292"/>
  <testcase classname="com.atmecs.testScripts.HomePagetestscripts" name="validatefooterForContacts" time="0.256"/>
  <testcase classname="com.atmecs.testScripts.HomePagetestscripts" name="validatefooterForContacts" time="0.349"/>
  <testcase classname="com.atmecs.testScripts.HomePagetestscripts" name="validatefooterForContacts" time="0.072"/>
  <testcase classname="com.atmecs.testScripts.HomePagetestscripts" name="validatefooterForContacts" time="0.104"/>
  <testcase classname="com.atmecs.testScripts.HomePagetestscripts" name="validatefooterForContacts" time="0.292"/>
  <testcase classname="com.atmecs.testScripts.HomePagetestscripts" name="validatefooterForContacts" time="0.148"/>
  <testcase classname="com.atmecs.testScripts.HomePagetestscripts" name="validatefooterForContacts" time="0.000"/>
  <testcase classname="com.atmecs.testScripts.HomePagetestscripts" name="validatefooterForContacts" time="0.068"/>
  <testcase classname="com.atmecs.testScripts.HomePagetestscripts" name="validatefooterForContacts" time="0.112"/>
  <testcase classname="com.atmecs.testScripts.HomePagetestscripts" name="validatefooterForContacts" time="0.152"/>
  <testcase classname="com.atmecs.testScripts.HomePagetestscripts" name="validatefooterForContacts" time="0.108"/>
  <testcase classname="com.atmecs.testScripts.HomePagetestscripts" name="validatefooterForContacts" time="0.288"/>
  <testcase classname="com.atmecs.testScripts.HomePagetestscripts" name="validatefooterForContacts" time="0.148"/>
  <testcase classname="com.atmecs.testScripts.HomePagetestscripts" name="validatefooterForContacts" time="0.072"/>
  <testcase classname="com.atmecs.testScripts.HomePagetestscripts" name="validatefooterForContacts" time="0.284"/>
  <testcase classname="com.atmecs.testScripts.HomePagetestscripts" name="validatefooterForContacts" time="0.148"/>
  <testcase classname="com.atmecs.testScripts.HomePagetestscripts" name="validatefooterForContacts" time="0.156"/>
  <testcase classname="com.atmecs.testScripts.HomePagetestscripts" name="validatefooterForContacts" time="0.306"/>
  <testcase classname="com.atmecs.testScripts.HomePagetestscripts" name="validatefooterForContacts" time="0.068"/>
  <testcase classname="com.atmecs.testScripts.HomePagetestscripts" name="validatefooterForContacts" time="0.292"/>
  <testcase classname="com.atmecs.testScripts.HomePagetestscripts" name="clickInsights" time="0.172"/>
  <testcase classname="com.atmecs.testScripts.HomePagetestscripts" name="clickInsights" time="0.692"/>
  <testcase classname="com.atmecs.testScripts.HomePagetestscripts" name="clickInsights" time="0.371"/>
  <testcase classname="com.atmecs.testScripts.HomePagetestscripts" name="validatefooterForInsights" time="0.072"/>
  <testcase classname="com.atmecs.testScripts.HomePagetestscripts" name="validatefooterForInsights" time="0.107"/>
  <testcase classname="com.atmecs.testScripts.HomePagetestscripts" name="validatefooterForInsights" time="0.157"/>
  <testcase classname="com.atmecs.testScripts.HomePagetestscripts" name="validatefooterForInsights" time="0.238"/>
  <testcase classname="com.atmecs.testScripts.HomePagetestscripts" name="validatefooterForInsights" time="0.068"/>
  <testcase classname="com.atmecs.testScripts.HomePagetestscripts" name="validatefooterForInsights" time="0.052"/>
  <testcase classname="com.atmecs.testScripts.HomePagetestscripts" name="validatefooterForInsights" time="0.052"/>
  <testcase classname="com.atmecs.testScripts.HomePagetestscripts" name="validatefooterForInsights" time="0.052"/>
  <testcase classname="com.atmecs.testScripts.HomePagetestscripts" name="validatefooterForInsights" time="0.290"/>
  <testcase classname="com.atmecs.testScripts.HomePagetestscripts" name="validatefooterForInsights" time="0.126"/>
  <testcase classname="com.atmecs.testScripts.HomePagetestscripts" name="validatefooterForInsights" time="0.261"/>
  <testcase classname="com.atmecs.testScripts.HomePagetestscripts" name="validatefooterForInsights" time="0.301"/>
  <testcase classname="com.atmecs.testScripts.HomePagetestscripts" name="validatefooterForInsights" time="0.000"/>
  <testcase classname="com.atmecs.testScripts.HomePagetestscripts" name="validatefooterForInsights" time="0.179"/>
  <testcase classname="com.atmecs.testScripts.HomePagetestscripts" name="validatefooterForInsights" time="0.104"/>
  <testcase classname="com.atmecs.testScripts.HomePagetestscripts" name="validatefooterForInsights" time="0.074"/>
  <testcase classname="com.atmecs.testScripts.HomePagetestscripts" name="validatefooterForInsights" time="0.127"/>
  <testcase classname="com.atmecs.testScripts.HomePagetestscripts" name="validatefooterForInsights" time="0.048"/>
  <testcase classname="com.atmecs.testScripts.HomePagetestscripts" name="validatefooterForInsights" time="0.052"/>
  <testcase classname="com.atmecs.testScripts.HomePagetestscripts" name="validatefooterForInsights" time="0.467"/>
  <testcase classname="com.atmecs.testScripts.HomePagetestscripts" name="validatefooterForInsights" time="0.000"/>
  <testcase classname="com.atmecs.testScripts.HomePagetestscripts" name="validatefooterForInsights" time="0.044"/>
  <testcase classname="com.atmecs.testScripts.HomePagetestscripts" name="validatefooterForInsights" time="0.296"/>
  <testcase classname="com.atmecs.testScripts.HomePagetestscripts" name="validatefooterForInsights" time="0.052"/>
  <testcase classname="com.atmecs.testScripts.HomePagetestscripts" name="validatefooterForInsights" time="0.048"/>
  <testcase classname="com.atmecs.testScripts.HomePagetestscripts" name="validatefooterForInsights" time="0.048"/>
  <testcase classname="com.atmecs.testScripts.HomePagetestscripts" name="validatefooterForInsights" time="0.048"/>
  <testcase classname="com.atmecs.testScripts.HomePagetestscripts" name="validatefooterForInsights" time="0.230"/>
  <testcase classname="com.atmecs.testScripts.HomePagetestscripts" name="validatefooterForInsights" time="0.165"/>
  <testcase classname="com.atmecs.testScripts.HomePagetestscripts" name="validatefooterForInsights" time="0.256"/>
  <testcase classname="com.atmecs.testScripts.HomePagetestscripts" name="validatefooterForInsights" time="0.280"/>
  <testcase classname="com.atmecs.testScripts.HomePagetestscripts" name="validatefooterForInsights" time="0.340"/>
  <testcase classname="com.atmecs.testScripts.HomePagetestscripts" name="validatefooterForInsights" time="0.250"/>
  <testcase classname="com.atmecs.testScripts.HomePagetestscripts" name="validatefooterForInsights" time="0.004"/>
  <testcase classname="com.atmecs.testScripts.HomePagetestscripts" name="validatefooterForInsights" time="0.288"/>
  <testcase classname="com.atmecs.testScripts.HomePagetestscripts" name="validatefooterForInsights" time="0.060"/>
  <testcase classname="com.atmecs.testScripts.HomePagetestscripts" name="validatefooterForInsights" time="0.060"/>
  <testcase classname="com.atmecs.testScripts.HomePagetestscripts" name="validatefooterForInsights" time="0.168"/>
  <testcase classname="com.atmecs.testScripts.HomePagetestscripts" name="validatefooterForInsights" time="0.048"/>
  <testcase classname="com.atmecs.testScripts.HomePagetestscripts" name="validatefooterForInsights" time="0.074"/>
  <testcase classname="com.atmecs.testScripts.HomePagetestscripts" name="validatefooterForInsights" time="0.240"/>
  <testcase classname="com.atmecs.testScripts.HomePagetestscripts" name="validatefooterForInsights" time="0.052"/>
  <testcase classname="com.atmecs.testScripts.HomePagetestscripts" name="validatefooterForInsights" time="0.061"/>
  <testcase classname="com.atmecs.testScripts.HomePagetestscripts" name="validatefooterForInsights" time="0.137"/>
  <testcase classname="com.atmecs.testScripts.HomePagetestscripts" name="validatefooterForInsights" time="0.056"/>
  <testcase classname="com.atmecs.testScripts.HomePagetestscripts" name="validatefooterForInsights" time="0.075"/>
  <testcase classname="com.atmecs.testScripts.HomePagetestscripts" name="validatefooterForInsights" time="0.052"/>
  <testcase classname="com.atmecs.testScripts.HomePagetestscripts" name="validatefooterForInsights" time="0.248"/>
  <testcase classname="com.atmecs.testScripts.HomePagetestscripts" name="validatefooterForInsights" time="0.228"/>
  <testcase classname="com.atmecs.testScripts.HomePagetestscripts" name="validatefooterForInsights" time="0.150"/>
  <testcase classname="com.atmecs.testScripts.HomePagetestscripts" name="validatefooterForInsights" time="0.048"/>
  <testcase classname="com.atmecs.testScripts.HomePagetestscripts" name="validatefooterForInsights" time="0.048"/>
  <testcase classname="com.atmecs.testScripts.HomePagetestscripts" name="validatefooterForInsights" time="0.282"/>
  <testcase classname="com.atmecs.testScripts.HomePagetestscripts" name="validatefooterForInsights" time="0.164"/>
  <testcase classname="com.atmecs.testScripts.HomePagetestscripts" name="validatefooterForInsights" time="0.278"/>
  <testcase classname="com.atmecs.testScripts.HomePagetestscripts" name="validatefooterForInsights" time="0.119"/>
  <testcase classname="com.atmecs.testScripts.HomePagetestscripts" name="validatefooterForInsights" time="0.226"/>
  <testcase classname="com.atmecs.testScripts.HomePagetestscripts" name="validatefooterForInsights" time="0.052"/>
  <testcase classname="com.atmecs.testScripts.HomePagetestscripts" name="validatefooterForInsights" time="0.123"/>
  <testcase classname="com.atmecs.testScripts.HomePagetestscripts" name="validatefooterForInsights" time="0.256"/>
  <testcase classname="com.atmecs.testScripts.HomePagetestscripts" name="validatefooterForInsights" time="0.048"/>
  <testcase classname="com.atmecs.testScripts.HomePagetestscripts" name="validatefooterForInsights" time="0.046"/>
  <testcase classname="com.atmecs.testScripts.HomePagetestscripts" name="validatefooterForInsights" time="0.048"/>
  <testcase classname="com.atmecs.testScripts.HomePagetestscripts" name="validatefooterForInsights" time="0.073"/>
  <testcase classname="com.atmecs.testScripts.HomePagetestscripts" name="validatefooterForInsights" time="0.272"/>
  <testcase classname="com.atmecs.testScripts.HomePagetestscripts" name="validatefooterForInsights" time="0.056"/>
  <testcase classname="com.atmecs.testScripts.HomePagetestscripts" name="validatefooterForInsights" time="0.056"/>
  <testcase classname="com.atmecs.testScripts.HomePagetestscripts" name="validatefooterForInsights" time="0.104"/>
  <testcase classname="com.atmecs.testScripts.HomePagetestscripts" name="validatefooterForInsights" time="0.068"/>
  <testcase classname="com.atmecs.testScripts.HomePagetestscripts" name="validatefooterForInsights" time="0.170"/>
  <testcase classname="com.atmecs.testScripts.HomePagetestscripts" name="validatefooterForInsights" time="0.187"/>
  <testcase classname="com.atmecs.testScripts.HomePagetestscripts" name="validatefooterForInsights" time="0.056"/>
  <testcase classname="com.atmecs.testScripts.HomePagetestscripts" name="validatefooterForInsights" time="0.106"/>
  <testcase classname="com.atmecs.testScripts.HomePagetestscripts" name="validatefooterForInsights" time="0.312"/>
  <testcase classname="com.atmecs.testScripts.HomePagetestscripts" name="validatefooterForInsights" time="0.220"/>
  <testcase classname="com.atmecs.testScripts.HomePagetestscripts" name="validatefooterForInsights" time="0.115"/>
  <testcase classname="com.atmecs.testScripts.HomePagetestscripts" name="validatefooterForInsights" time="0.267"/>
  <testcase classname="com.atmecs.testScripts.HomePagetestscripts" name="validatefooterForInsights" time="0.324"/>
  <testcase classname="com.atmecs.testScripts.HomePagetestscripts" name="validatefooterForInsights" time="0.109"/>
  <testcase classname="com.atmecs.testScripts.HomePagetestscripts" name="validatefooterForInsights" time="0.276"/>
  <testcase classname="com.atmecs.testScripts.HomePagetestscripts" name="validatefooterForInsights" time="0.260"/>
  <testcase classname="com.atmecs.testScripts.HomePagetestscripts" name="validatefooterForInsights" time="0.093"/>
  <testcase classname="com.atmecs.testScripts.HomePagetestscripts" name="validatefooterForInsights" time="0.048"/>
  <testcase classname="com.atmecs.testScripts.HomePagetestscripts" name="validatefooterForInsights" time="0.138"/>
  <testcase classname="com.atmecs.testScripts.HomePagetestscripts" name="validatefooterForInsights" time="0.215"/>
  <testcase classname="com.atmecs.testScripts.HomePagetestscripts" name="validatefooterForInsights" time="0.246"/>
  <testcase classname="com.atmecs.testScripts.HomePagetestscripts" name="validatefooterForInsights" time="0.271"/>
  <testcase classname="com.atmecs.testScripts.HomePagetestscripts" name="validatefooterForInsights" time="0.082"/>
  <testcase classname="com.atmecs.testScripts.HomePagetestscripts" name="validatefooterForInsights" time="0.048"/>
  <testcase classname="com.atmecs.testScripts.HomePagetestscripts" name="validatefooterForInsights" time="0.263"/>
</testsuite> <!-- com.atmecs.testScripts.HomePagetestscripts -->
