<?xml version="1.0" encoding="UTF-8"?>
<!-- Generated by org.testng.reporters.JUnitReportReporter -->
<testsuite hostname="ATMECSINLT-038" failures="0" tests="1" name="com.atmecs.DynamicXmlCreation.UpdateXml" time="25.533" errors="0" timestamp="22 Oct 2019 14:44:19 GMT" skipped="0">
  <testcase classname="com.atmecs.DynamicXmlCreation.UpdateXml" name="runTestFile" time="25.533"/>
</testsuite> <!-- com.atmecs.DynamicXmlCreation.UpdateXml -->
